<?xml version="1.0" encoding="UTF-8"?>
<!-- Generated by org.testng.reporters.JUnitReportReporter -->
<testsuite hostname="DESKTOP-GBE15KP" failures="0" tests="6" name="runners.TestRunner" time="63.030" errors="0" timestamp="2025-05-28T01:18:02 ART" skipped="0">
  <testcase classname="runners.TestRunner" name="runScenario" time="9.817"/>
  <testcase classname="runners.TestRunner" name="runScenario" time="9.392"/>
  <testcase classname="runners.TestRunner" name="runScenario" time="8.732"/>
  <testcase classname="runners.TestRunner" name="runScenario" time="14.299"/>
  <testcase classname="runners.TestRunner" name="runScenario" time="8.570"/>
  <testcase classname="runners.TestRunner" name="runScenario" time="12.220"/>
</testsuite> <!-- runners.TestRunner -->
