<?xml version="1.0" encoding="UTF-8"?>
<!-- Generated by org.testng.reporters.JUnitXMLReporter -->
<testsuite ignored="0" hostname="DESKTOP-GBE15KP" failures="1" tests="4" name="Default test" time="51.657" errors="0" timestamp="2025-05-21T23:53:41 ART">
  <testcase classname="io.cucumber.testng.AbstractTestNGCucumberTests" name="runScenario" time="9.507"/>
  <testcase classname="io.cucumber.testng.AbstractTestNGCucumberTests" name="runScenario" time="4.123">
    <failure type="java.lang.NullPointerException" message="Cannot invoke &amp;quot;pages.SignupPage.clickCrearCuenta()&amp;quot; because &amp;quot;this.signupPage&amp;quot; is null">
      <![CDATA[java.lang.NullPointerException: Cannot invoke "pages.SignupPage.clickCrearCuenta()" because "this.signupPage" is null
at stepdefinitions.SingupStepDefinitions.hace_clic_en(SingupStepDefinitions.java:40)
at ✽.Hace clic en "Add to cart"(file:///C:/Users/SherlockCo/git/TP_automation/TP_automation/src/test/resources/features/add_to_cart.feature:4)
]]>
    </failure>
  </testcase> <!-- runScenario -->
  <testcase classname="io.cucumber.testng.AbstractTestNGCucumberTests" name="runScenario" time="10.28"/>
  <testcase classname="io.cucumber.testng.AbstractTestNGCucumberTests" name="runScenario" time="25.789"/>
</testsuite> <!-- Default test -->
