<?xml version="1.0" encoding="UTF-8"?>
<!-- Generated by org.testng.reporters.JUnitReportReporter -->
<testsuite hostname="DESKTOP-GBE15KP" failures="0" tests="4" name="runners.TestRunner" time="49.699" errors="1" timestamp="2025-05-21T23:53:41 ART" skipped="0">
  <testcase classname="runners.TestRunner" name="runScenario" time="25.789"/>
  <testcase classname="runners.TestRunner" name="runScenario" time="4.123">
    <error message="Cannot invoke &quot;pages.SignupPage.clickCrearCuenta()&quot; because &quot;this.signupPage&quot; is null" type="java.lang.NullPointerException">
      <![CDATA[java.lang.NullPointerException: Cannot invoke "pages.SignupPage.clickCrearCuenta()" because "this.signupPage" is null
at stepdefinitions.SingupStepDefinitions.hace_clic_en(SingupStepDefinitions.java:40)
at ✽.Hace clic en "Add to cart"(file:///C:/Users/SherlockCo/git/TP_automation/TP_automation/src/test/resources/features/add_to_cart.feature:4)
]]>
    </error>
  </testcase> <!-- runScenario -->
  <testcase classname="runners.TestRunner" name="runScenario" time="9.507"/>
  <testcase classname="runners.TestRunner" name="runScenario" time="10.280"/>
</testsuite> <!-- runners.TestRunner -->
