<?xml version="1.0" encoding="UTF-8"?>
<testng-results ignored="0" total="4" passed="3" failed="1" skipped="0">
  <reporter-output>
  </reporter-output>
  <suite started-at="2025-05-21T23:52:49 ART" name="Default suite" finished-at="2025-05-21T23:53:40 ART" duration-ms="51657">
    <groups>
      <group name="cucumber">
        <method signature="AbstractTestNGCucumberTests.runScenario(io.cucumber.testng.PickleWrapper,io.cucumber.testng.FeatureWrapper)[pri:0, instance:runners.TestRunner@7748410a]" name="runScenario" class="io.cucumber.testng.AbstractTestNGCucumberTests"/>
      </group> <!-- cucumber -->
    </groups>
    <test started-at="2025-05-21T23:52:49 ART" name="Default test" finished-at="2025-05-21T23:53:40 ART" duration-ms="51657">
      <class name="runners.TestRunner">
        <test-method is-config="true" signature="setUpClass(org.testng.ITestContext)[pri:0, instance:runners.TestRunner@7748410a]" started-at="2025-05-21T23:52:49 ART" name="setUpClass" finished-at="2025-05-21T23:52:50 ART" duration-ms="1553" status="PASS">
          <params>
            <param index="0">
              <value>
                <![CDATA[org.testng.TestRunner@36776c32]]>
              </value>
            </param>
          </params>
          <reporter-output>
          </reporter-output>
        </test-method> <!-- setUpClass -->
        <test-method signature="runScenario(io.cucumber.testng.PickleWrapper,io.cucumber.testng.FeatureWrapper)[pri:0, instance:runners.TestRunner@7748410a]" started-at="2025-05-21T23:52:50 ART" name="runScenario" description="Runs Cucumber Scenarios" data-provider="scenarios" finished-at="2025-05-21T23:53:00 ART" duration-ms="9507" status="PASS">
          <params>
            <param index="0">
              <value>
                <![CDATA["El usuario accede a la pagina principal"]]>
              </value>
            </param>
            <param index="1">
              <value>
                <![CDATA["Validar Home"]]>
              </value>
            </param>
          </params>
          <reporter-output>
          </reporter-output>
        </test-method> <!-- runScenario -->
        <test-method signature="runScenario(io.cucumber.testng.PickleWrapper,io.cucumber.testng.FeatureWrapper)[pri:0, instance:runners.TestRunner@7748410a]" started-at="2025-05-21T23:53:00 ART" name="runScenario" description="Runs Cucumber Scenarios" data-provider="scenarios" finished-at="2025-05-21T23:53:04 ART" duration-ms="4123" status="FAIL">
          <params>
            <param index="0">
              <value>
                <![CDATA["Agregar producto desde listado"]]>
              </value>
            </param>
            <param index="1">
              <value>
                <![CDATA["Agregar producto al carrito"]]>
              </value>
            </param>
          </params>
          <exception class="java.lang.NullPointerException">
            <message>
              <![CDATA[Cannot invoke "pages.SignupPage.clickCrearCuenta()" because "this.signupPage" is null]]>
            </message>
            <full-stacktrace>
              <![CDATA[java.lang.NullPointerException: Cannot invoke "pages.SignupPage.clickCrearCuenta()" because "this.signupPage" is null
at stepdefinitions.SingupStepDefinitions.hace_clic_en(SingupStepDefinitions.java:40)
at ✽.Hace clic en "Add to cart"(file:///C:/Users/SherlockCo/git/TP_automation/TP_automation/src/test/resources/features/add_to_cart.feature:4)
]]>
            </full-stacktrace>
          </exception> <!-- java.lang.NullPointerException -->
          <reporter-output>
          </reporter-output>
        </test-method> <!-- runScenario -->
        <test-method signature="runScenario(io.cucumber.testng.PickleWrapper,io.cucumber.testng.FeatureWrapper)[pri:0, instance:runners.TestRunner@7748410a]" started-at="2025-05-21T23:53:04 ART" name="runScenario" description="Runs Cucumber Scenarios" data-provider="scenarios" finished-at="2025-05-21T23:53:14 ART" duration-ms="10280" status="PASS">
          <params>
            <param index="0">
              <value>
                <![CDATA["Login exitoso"]]>
              </value>
            </param>
            <param index="1">
              <value>
                <![CDATA["Login"]]>
              </value>
            </param>
          </params>
          <reporter-output>
          </reporter-output>
        </test-method> <!-- runScenario -->
        <test-method signature="runScenario(io.cucumber.testng.PickleWrapper,io.cucumber.testng.FeatureWrapper)[pri:0, instance:runners.TestRunner@7748410a]" started-at="2025-05-21T23:53:14 ART" name="runScenario" description="Runs Cucumber Scenarios" data-provider="scenarios" finished-at="2025-05-21T23:53:40 ART" duration-ms="25789" status="PASS">
          <params>
            <param index="0">
              <value>
                <![CDATA["Registro exitoso con datos validos"]]>
              </value>
            </param>
            <param index="1">
              <value>
                <![CDATA["Registro de nuevo usuario"]]>
              </value>
            </param>
          </params>
          <reporter-output>
          </reporter-output>
        </test-method> <!-- runScenario -->
        <test-method is-config="true" signature="tearDownClass()[pri:0, instance:runners.TestRunner@7748410a]" started-at="2025-05-21T23:53:40 ART" name="tearDownClass" finished-at="2025-05-21T23:53:40 ART" duration-ms="167" status="PASS">
          <reporter-output>
          </reporter-output>
        </test-method> <!-- tearDownClass -->
      </class> <!-- runners.TestRunner -->
    </test> <!-- Default test -->
  </suite> <!-- Default suite -->
</testng-results>
